<?xml version="1.0" encoding="UTF-8"?>
<!-- Generated by org.testng.reporters.JUnitXMLReporter -->
<testsuite ignored="2" hostname="LAPTOP-IO7O6G3K" failures="0" tests="1" name="Default test" time="8.786" errors="0" timestamp="2022-07-10T20:05:39 IST">
  <testcase classname="test.HomePageTest" name="testGitHUB" time="0.006"/>
  <testcase classname="test.HomePageTest" name="buyFromWatchListTest" time="0.0">
    <ignored/>
  </testcase> <!-- buyFromWatchListTest -->
  <testcase classname="test.HomePageTest" name="test" time="0.0">
    <ignored/>
  </testcase> <!-- test -->
</testsuite> <!-- Default test -->
