<?xml version="1.0" encoding="UTF-8"?>
<testng-results ignored="2" total="3" passed="1" failed="0" skipped="0">
  <reporter-output>
  </reporter-output>
  <suite started-at="2022-07-10T20:05:30 IST" name="Default suite" finished-at="2022-07-10T20:05:39 IST" duration-ms="8786">
    <groups>
    </groups>
    <test started-at="2022-07-10T20:05:30 IST" name="Default test" finished-at="2022-07-10T20:05:39 IST" duration-ms="8786">
      <class name="test.HomePageTest">
        <test-method is-config="true" signature="OpenBrowserAndLoginToZerodha()[pri:0, instance:test.HomePageTest@4f2b503c]" started-at="2022-07-10T20:05:30 IST" name="OpenBrowserAndLoginToZerodha" finished-at="2022-07-10T20:05:38 IST" duration-ms="8748" status="PASS">
          <reporter-output>
          </reporter-output>
        </test-method> <!-- OpenBrowserAndLoginToZerodha -->
        <test-method signature="testGitHUB()[pri:0, instance:test.HomePageTest@4f2b503c]" started-at="2022-07-10T20:05:38 IST" name="testGitHUB" finished-at="2022-07-10T20:05:39 IST" duration-ms="6" status="PASS">
          <reporter-output>
          </reporter-output>
        </test-method> <!-- testGitHUB -->
      </class> <!-- test.HomePageTest -->
    </test> <!-- Default test -->
  </suite> <!-- Default suite -->
</testng-results>
